# JRE version: OpenJDK Runtime Environment GraalVM CE 22.3.1 (19.0.2+7) (build 19.0.2+7-jvmci-22.3-b12)
# Java VM: OpenJDK 64-Bit Server VM GraalVM CE 22.3.1 (19.0.2+7-jvmci-22.3-b12, mixed mode, sharing, tiered, jvmci, jvmci compiler, compressed oops, compressed class ptrs, g1 gc, linux-amd64)
GC Precious Log:
 CardTable entry size: 512
 Card Set container configuration: InlinePtr #cards 4 size 8 Array Of Cards #cards 16 size 48 Howl #buckets 8 coarsen threshold 3686 Howl Bitmap #cards 512 size 80 coarsen threshold 460 Card regions per heap region 1 cards per card region 4096
 CPUs: 4 total, 4 available
 Memory: 15868M
 Large Page Support: Disabled
 NUMA Support: Disabled
 Compressed Oops: Enabled (Zero based)
 Heap Region Size: 2M
 Heap Min Capacity: 8M
 Heap Initial Capacity: 248M
 Heap Max Capacity: 3968M
 Pre-touch: Disabled
 Parallel Workers: 4
 Concurrent Workers: 1
 Concurrent Refinement Workers: 4
 Periodic GC: Disabled
Heap:
 garbage-first heap   total 69632K, used 22236K [0x0000000708000000, 0x0000000800000000)
  region size 2048K, 6 young (12288K), 1 survivors (2048K)
 Metaspace       used 21584K, committed 21888K, reserved 1114112K
  class space    used 1780K, committed 1920K, reserved 1048576K
GC Heap History (20 events):
Event: 256.610 GC heap before
{Heap before GC invocations=29 (full 0):
 garbage-first heap   total 69632K, used 52930K [0x0000000708000000, 0x0000000800000000)
  region size 2048K, 20 young (40960K), 1 survivors (2048K)
 Metaspace       used 21561K, committed 21824K, reserved 1114112K
  class space    used 1778K, committed 1920K, reserved 1048576K
}
Event: 256.612 GC heap after
{Heap after GC invocations=30 (full 0):
 garbage-first heap   total 69632K, used 14016K [0x0000000708000000, 0x0000000800000000)
  region size 2048K, 1 young (2048K), 1 survivors (2048K)
 Metaspace       used 21561K, committed 21824K, reserved 1114112K
  class space    used 1778K, committed 1920K, reserved 1048576K
}
Event: 263.261 GC heap before
{Heap before GC invocations=30 (full 0):
 garbage-first heap   total 69632K, used 52928K [0x0000000708000000, 0x0000000800000000)
  region size 2048K, 20 young (40960K), 1 survivors (2048K)
 Metaspace       used 21562K, committed 21824K, reserved 1114112K
  class space    used 1778K, committed 1920K, reserved 1048576K
}
Event: 263.264 GC heap after
{Heap after GC invocations=31 (full 0):
 garbage-first heap   total 69632K, used 14029K [0x0000000708000000, 0x0000000800000000)
  region size 2048K, 1 young (2048K), 1 survivors (2048K)
 Metaspace       used 21562K, committed 21824K, reserved 1114112K
  class space    used 1778K, committed 1920K, reserved 1048576K
}
Event: 294.576 GC heap before
{Heap before GC invocations=31 (full 0):
 garbage-first heap   total 69632K, used 52941K [0x0000000708000000, 0x0000000800000000)
  region size 2048K, 20 young (40960K), 1 survivors (2048K)
 Metaspace       used 21563K, committed 21824K, reserved 1114112K
  class space    used 1778K, committed 1920K, reserved 1048576K
}
Event: 294.579 GC heap after
{Heap after GC invocations=32 (full 0):
 garbage-first heap   total 69632K, used 14013K [0x0000000708000000, 0x0000000800000000)
  region size 2048K, 1 young (2048K), 1 survivors (2048K)
 Metaspace       used 21563K, committed 21824K, reserved 1114112K
  class space    used 1778K, committed 1920K, reserved 1048576K
}
Event: 300.160 GC heap before
{Heap before GC invocations=32 (full 0):
 garbage-first heap   total 69632K, used 52925K [0x0000000708000000, 0x0000000800000000)
  region size 2048K, 20 young (40960K), 1 survivors (2048K)
 Metaspace       used 21563K, committed 21824K, reserved 1114112K
  class space    used 1778K, committed 1920K, reserved 1048576K
}
Event: 300.168 GC heap after
{Heap after GC invocations=33 (full 0):
 garbage-first heap   total 69632K, used 14003K [0x0000000708000000, 0x0000000800000000)
  region size 2048K, 1 young (2048K), 1 survivors (2048K)
 Metaspace       used 21563K, committed 21824K, reserved 1114112K
  class space    used 1778K, committed 1920K, reserved 1048576K
}
Event: 307.369 GC heap before
{Heap before GC invocations=33 (full 0):
 garbage-first heap   total 69632K, used 52915K [0x0000000708000000, 0x0000000800000000)
  region size 2048K, 20 young (40960K), 1 survivors (2048K)
 Metaspace       used 21563K, committed 21824K, reserved 1114112K
  class space    used 1778K, committed 1920K, reserved 1048576K
}
Event: 307.372 GC heap after
{Heap after GC invocations=34 (full 0):
 garbage-first heap   total 69632K, used 14006K [0x0000000708000000, 0x0000000800000000)
  region size 2048K, 1 young (2048K), 1 survivors (2048K)
 Metaspace       used 21563K, committed 21824K, reserved 1114112K
  class space    used 1778K, committed 1920K, reserved 1048576K
}
Event: 395.052 GC heap before
{Heap before GC invocations=34 (full 0):
 garbage-first heap   total 69632K, used 52918K [0x0000000708000000, 0x0000000800000000)
  region size 2048K, 20 young (40960K), 1 survivors (2048K)
 Metaspace       used 21563K, committed 21824K, reserved 1114112K
  class space    used 1778K, committed 1920K, reserved 1048576K
}
Event: 395.053 GC heap after
{Heap after GC invocations=35 (full 0):
 garbage-first heap   total 69632K, used 14022K [0x0000000708000000, 0x0000000800000000)
  region size 2048K, 1 young (2048K), 1 survivors (2048K)
 Metaspace       used 21563K, committed 21824K, reserved 1114112K
  class space    used 1778K, committed 1920K, reserved 1048576K
}
Event: 398.544 GC heap before
{Heap before GC invocations=35 (full 0):
 garbage-first heap   total 69632K, used 52934K [0x0000000708000000, 0x0000000800000000)
  region size 2048K, 20 young (40960K), 1 survivors (2048K)
 Metaspace       used 21563K, committed 21824K, reserved 1114112K
  class space    used 1778K, committed 1920K, reserved 1048576K
}
Event: 398.544 GC heap after
{Heap after GC invocations=36 (full 0):
 garbage-first heap   total 69632K, used 14019K [0x0000000708000000, 0x0000000800000000)
  region size 2048K, 1 young (2048K), 1 survivors (2048K)
 Metaspace       used 21563K, committed 21824K, reserved 1114112K
  class space    used 1778K, committed 1920K, reserved 1048576K
}
Event: 410.400 GC heap before
{Heap before GC invocations=36 (full 0):
 garbage-first heap   total 69632K, used 52931K [0x0000000708000000, 0x0000000800000000)
  region size 2048K, 20 young (40960K), 1 survivors (2048K)
 Metaspace       used 21564K, committed 21824K, reserved 1114112K
  class space    used 1778K, committed 1920K, reserved 1048576K
}
Event: 410.401 GC heap after
{Heap after GC invocations=37 (full 0):
 garbage-first heap   total 69632K, used 14041K [0x0000000708000000, 0x0000000800000000)
  region size 2048K, 1 young (2048K), 1 survivors (2048K)
 Metaspace       used 21564K, committed 21824K, reserved 1114112K
  class space    used 1778K, committed 1920K, reserved 1048576K
}
Event: 415.560 GC heap before
{Heap before GC invocations=37 (full 0):
 garbage-first heap   total 69632K, used 52953K [0x0000000708000000, 0x0000000800000000)
  region size 2048K, 20 young (40960K), 1 survivors (2048K)
 Metaspace       used 21564K, committed 21824K, reserved 1114112K
  class space    used 1778K, committed 1920K, reserved 1048576K
}
Event: 415.562 GC heap after
{Heap after GC invocations=38 (full 0):
 garbage-first heap   total 69632K, used 14042K [0x0000000708000000, 0x0000000800000000)
  region size 2048K, 1 young (2048K), 1 survivors (2048K)
 Metaspace       used 21564K, committed 21824K, reserved 1114112K
  class space    used 1778K, committed 1920K, reserved 1048576K
}
Event: 421.029 GC heap before
{Heap before GC invocations=38 (full 0):
 garbage-first heap   total 69632K, used 52954K [0x0000000708000000, 0x0000000800000000)
  region size 2048K, 20 young (40960K), 1 survivors (2048K)
 Metaspace       used 21564K, committed 21824K, reserved 1114112K
  class space    used 1778K, committed 1920K, reserved 1048576K
}
Event: 421.031 GC heap after
{Heap after GC invocations=39 (full 0):
 garbage-first heap   total 69632K, used 14044K [0x0000000708000000, 0x0000000800000000)
  region size 2048K, 1 young (2048K), 1 survivors (2048K)
 Metaspace       used 21564K, committed 21824K, reserved 1114112K
  class space    used 1778K, committed 1920K, reserved 1048576K
}

